2026-01-01 10:01:26 INFO  org.hibernate.validator.internal.util.Version - HV000001: Hibernate Validator 8.0.1.Final
2026-01-01 10:01:26 INFO  org.example.incidentmanagement.IncidentManagementApplication - Starting IncidentManagementApplication using Java 21.0.9 with PID 30625 (/workspaces/IncidentManagement/target/classes started by codespace in /workspaces/IncidentManagement)
2026-01-01 10:01:26 DEBUG org.example.incidentmanagement.IncidentManagementApplication - Running with Spring Boot v3.2.1, Spring v6.1.2
2026-01-01 10:01:26 INFO  org.example.incidentmanagement.IncidentManagementApplication - No active profile set, falling back to 1 default profile: "default"
2026-01-01 10:01:28 INFO  org.springframework.data.repository.config.RepositoryConfigurationDelegate - Bootstrapping Spring Data JPA repositories in DEFAULT mode.
2026-01-01 10:01:28 INFO  org.springframework.data.repository.config.RepositoryConfigurationDelegate - Finished Spring Data repository scanning in 125 ms. Found 9 JPA repository interfaces.
2026-01-01 10:01:30 INFO  org.springframework.boot.web.embedded.tomcat.TomcatWebServer - Tomcat initialized with port 8080 (http)
2026-01-01 10:01:30 INFO  org.apache.coyote.http11.Http11NioProtocol - Initializing ProtocolHandler ["http-nio-8080"]
2026-01-01 10:01:30 INFO  org.apache.catalina.core.StandardService - Starting service [Tomcat]
2026-01-01 10:01:30 INFO  org.apache.catalina.core.StandardEngine - Starting Servlet engine: [Apache Tomcat/10.1.17]
2026-01-01 10:01:30 INFO  org.apache.catalina.core.ContainerBase.[Tomcat].[localhost].[/] - Initializing Spring embedded WebApplicationContext
2026-01-01 10:01:30 INFO  org.springframework.boot.web.servlet.context.ServletWebServerApplicationContext - Root WebApplicationContext: initialization completed in 3988 ms
2026-01-01 10:01:31 INFO  org.hibernate.jpa.internal.util.LogHelper - HHH000204: Processing PersistenceUnitInfo [name: default]
2026-01-01 10:01:31 INFO  org.hibernate.Version - HHH000412: Hibernate ORM core version 6.4.1.Final
2026-01-01 10:01:31 INFO  org.hibernate.cache.internal.RegionFactoryInitiator - HHH000026: Second-level cache disabled
2026-01-01 10:01:31 INFO  org.springframework.orm.jpa.persistenceunit.SpringPersistenceUnitInfo - No LoadTimeWeaver setup: ignoring JPA class transformer
2026-01-01 10:01:31 INFO  com.zaxxer.hikari.HikariDataSource - HikariPool-1 - Starting...
2026-01-01 10:01:32 INFO  com.zaxxer.hikari.pool.HikariPool - HikariPool-1 - Added connection org.postgresql.jdbc.PgConnection@f439e0f
2026-01-01 10:01:32 INFO  com.zaxxer.hikari.HikariDataSource - HikariPool-1 - Start completed.
2026-01-01 10:01:32 WARN  org.hibernate.orm.deprecation - HHH90000025: PostgreSQLDialect does not need to be specified explicitly using 'hibernate.dialect' (remove the property setting and it will be selected by default)
2026-01-01 10:01:34 INFO  org.hibernate.engine.transaction.jta.platform.internal.JtaPlatformInitiator - HHH000489: No JTA platform available (set 'hibernate.transaction.jta.platform' to enable JTA platform integration)
2026-01-01 10:01:34 INFO  org.springframework.orm.jpa.LocalContainerEntityManagerFactoryBean - Initialized JPA EntityManagerFactory for persistence unit 'default'
2026-01-01 10:01:34 INFO  org.springframework.data.jpa.repository.query.QueryEnhancerFactory - Hibernate is in classpath; If applicable, HQL parser will be used.
2026-01-01 10:01:35 DEBUG org.example.incidentmanagement.security.JwtAuthenticationFilter - Filter 'jwtAuthenticationFilter' configured for use
2026-01-01 10:01:35 DEBUG org.springframework.web.filter.ServerHttpObservationFilter - Filter 'webMvcObservationFilter' configured for use
2026-01-01 10:01:36 WARN  org.springframework.boot.autoconfigure.orm.jpa.JpaBaseConfiguration$JpaWebConfiguration - spring.jpa.open-in-view is enabled by default. Therefore, database queries may be performed during view rendering. Explicitly configure spring.jpa.open-in-view to disable this warning
2026-01-01 10:01:36 INFO  org.springframework.boot.autoconfigure.web.servlet.WelcomePageHandlerMapping - Adding welcome page: class path resource [static/index.html]
2026-01-01 10:01:37 DEBUG org.springframework.web.servlet.mvc.method.annotation.RequestMappingHandlerMapping - 53 mappings in 'requestMappingHandlerMapping'
2026-01-01 10:01:37 DEBUG org.springframework.web.servlet.handler.SimpleUrlHandlerMapping - Patterns [/webjars/**, /**, /swagger-ui*/*swagger-initializer.js, /swagger-ui*/**] in 'resourceHandlerMapping'
2026-01-01 10:01:37 INFO  org.springframework.boot.actuate.endpoint.web.EndpointLinksResolver - Exposing 1 endpoint(s) beneath base path '/actuator'
2026-01-01 10:01:37 INFO  org.example.incidentmanagement.security.SecurityConfig - Start SecurityFilterChain
2026-01-01 10:01:37 INFO  org.example.incidentmanagement.security.SecurityConfig - End SecurityFilterChain
2026-01-01 10:01:37 INFO  org.springframework.security.web.DefaultSecurityFilterChain - Will secure any request with [org.springframework.security.web.session.DisableEncodeUrlFilter@4c8c3285, org.springframework.security.web.context.request.async.WebAsyncManagerIntegrationFilter@74b57299, org.springframework.security.web.context.SecurityContextHolderFilter@5bcfc422, org.springframework.security.web.header.HeaderWriterFilter@122e63ae, org.springframework.web.filter.CorsFilter@156437f7, org.springframework.security.web.authentication.logout.LogoutFilter@5d2e6b31, org.example.incidentmanagement.security.JwtAuthenticationFilter@10c26161, org.springframework.security.web.savedrequest.RequestCacheAwareFilter@1793ed9d, org.springframework.security.web.servletapi.SecurityContextHolderAwareRequestFilter@374bbe80, org.springframework.security.web.authentication.AnonymousAuthenticationFilter@3f8c695d, org.springframework.security.web.session.SessionManagementFilter@1bf6d24a, org.springframework.security.web.access.ExceptionTranslationFilter@69a0e285, org.springframework.security.web.access.intercept.AuthorizationFilter@1e0771af]
2026-01-01 10:01:37 DEBUG org.springframework.web.servlet.mvc.method.annotation.RequestMappingHandlerAdapter - ControllerAdvice beans: 0 @ModelAttribute, 0 @InitBinder, 1 RequestBodyAdvice, 1 ResponseBodyAdvice
2026-01-01 10:01:37 DEBUG org.springframework.web.servlet.mvc.method.annotation.ExceptionHandlerExceptionResolver - ControllerAdvice beans: 2 @ExceptionHandler, 1 ResponseBodyAdvice
2026-01-01 10:01:38 WARN  org.springframework.boot.autoconfigure.thymeleaf.ThymeleafAutoConfiguration$DefaultTemplateResolverConfiguration - Cannot find template location: classpath:/templates/ (please add some templates, check your Thymeleaf configuration, or set spring.thymeleaf.check-template-location=false)
2026-01-01 10:01:38 INFO  org.apache.coyote.http11.Http11NioProtocol - Starting ProtocolHandler ["http-nio-8080"]
2026-01-01 10:01:38 INFO  org.springframework.boot.web.embedded.tomcat.TomcatWebServer - Tomcat started on port 8080 (http) with context path ''
2026-01-01 10:01:38 INFO  org.example.incidentmanagement.IncidentManagementApplication - Started IncidentManagementApplication in 13.094 seconds (process running for 13.503)
2026-01-01 10:01:38 INFO  org.example.incidentmanagement.IncidentManagementApplication - Swagger:  http://localhost:8080/swagger-ui/index.html
2026-01-01 10:01:38 INFO  org.example.incidentmanagement.IncidentManagementApplication - Website:  http://localhost:8080/index.html
2026-01-01 10:01:38 INFO  org.example.incidentmanagement.IncidentManagementApplication - Application Started At: 2026-01-01T14:01:38.932895729
2026-01-01 10:01:57 INFO  org.apache.catalina.core.ContainerBase.[Tomcat].[localhost].[/] - Initializing Spring DispatcherServlet 'dispatcherServlet'
2026-01-01 10:01:57 INFO  org.springframework.web.servlet.DispatcherServlet - Initializing Servlet 'dispatcherServlet'
2026-01-01 10:01:57 DEBUG org.springframework.web.servlet.DispatcherServlet - Detected StandardServletMultipartResolver
2026-01-01 10:01:57 DEBUG org.springframework.web.servlet.DispatcherServlet - Detected AcceptHeaderLocaleResolver
2026-01-01 10:01:57 DEBUG org.springframework.web.servlet.DispatcherServlet - Detected FixedThemeResolver
2026-01-01 10:01:57 DEBUG org.springframework.web.servlet.DispatcherServlet - Detected org.springframework.web.servlet.view.DefaultRequestToViewNameTranslator@63cb06df
2026-01-01 10:01:57 DEBUG org.springframework.web.servlet.DispatcherServlet - Detected org.springframework.web.servlet.support.SessionFlashMapManager@71da2e9e
2026-01-01 10:01:57 DEBUG org.springframework.web.servlet.DispatcherServlet - enableLoggingRequestDetails='false': request parameters and headers will be masked to prevent unsafe logging of potentially sensitive data
2026-01-01 10:01:57 INFO  org.springframework.web.servlet.DispatcherServlet - Completed initialization in 4 ms
2026-01-01 10:01:57 DEBUG org.springframework.security.web.FilterChainProxy - Securing GET /favicon.ico
2026-01-01 10:01:57 INFO  org.example.incidentmanagement.security.JwtAuthenticationFilter - >>> shouldNotFilter check - Path: /favicon.ico, Method: GET
2026-01-01 10:01:57 INFO  org.example.incidentmanagement.security.JwtAuthenticationFilter - >>> shouldNotFilter Result: true
2026-01-01 10:01:57 DEBUG org.springframework.security.web.authentication.AnonymousAuthenticationFilter - Set SecurityContextHolder to anonymous SecurityContext
2026-01-01 10:01:57 DEBUG org.springframework.security.web.FilterChainProxy - Secured GET /favicon.ico
2026-01-01 10:01:57 INFO  org.example.incidentmanagement.security.JwtAuthenticationFilter - >>> shouldNotFilter check - Path: /favicon.ico, Method: GET
2026-01-01 10:01:57 INFO  org.example.incidentmanagement.security.JwtAuthenticationFilter - >>> shouldNotFilter Result: true
2026-01-01 10:01:57 DEBUG org.springframework.web.servlet.DispatcherServlet - GET "/favicon.ico", parameters={}
2026-01-01 10:01:57 DEBUG org.springframework.web.servlet.handler.SimpleUrlHandlerMapping - Mapped to ResourceHttpRequestHandler [classpath [static/], ServletContext [/]]
2026-01-01 10:01:57 DEBUG org.springframework.web.servlet.resource.ResourceHttpRequestHandler - Resource not found
2026-01-01 10:01:57 DEBUG org.springframework.web.servlet.mvc.support.DefaultHandlerExceptionResolver - Resolved [org.springframework.web.servlet.resource.NoResourceFoundException: No static resource favicon.ico.]
2026-01-01 10:01:57 DEBUG org.springframework.web.servlet.DispatcherServlet - Completed 404 NOT_FOUND
2026-01-01 10:01:57 DEBUG org.springframework.security.web.FilterChainProxy - Securing GET /error
2026-01-01 10:01:57 DEBUG org.springframework.security.web.authentication.AnonymousAuthenticationFilter - Set SecurityContextHolder to anonymous SecurityContext
2026-01-01 10:01:57 DEBUG org.springframework.security.web.authentication.Http403ForbiddenEntryPoint - Pre-authenticated entry point called. Rejecting access
2026-01-01 10:02:02 DEBUG org.springframework.security.web.FilterChainProxy - Securing GET /
2026-01-01 10:02:02 INFO  org.example.incidentmanagement.security.JwtAuthenticationFilter - >>> shouldNotFilter check - Path: /, Method: GET
2026-01-01 10:02:02 INFO  org.example.incidentmanagement.security.JwtAuthenticationFilter - >>> shouldNotFilter Result: true
2026-01-01 10:02:02 DEBUG org.springframework.security.web.authentication.AnonymousAuthenticationFilter - Set SecurityContextHolder to anonymous SecurityContext
2026-01-01 10:02:02 DEBUG org.springframework.security.web.FilterChainProxy - Secured GET /
2026-01-01 10:02:02 INFO  org.example.incidentmanagement.security.JwtAuthenticationFilter - >>> shouldNotFilter check - Path: /, Method: GET
2026-01-01 10:02:02 INFO  org.example.incidentmanagement.security.JwtAuthenticationFilter - >>> shouldNotFilter Result: true
2026-01-01 10:02:02 DEBUG org.springframework.web.servlet.DispatcherServlet - GET "/", parameters={}
2026-01-01 10:02:02 DEBUG org.springframework.web.servlet.view.ContentNegotiatingViewResolver - Selected 'text/html' given [text/html, application/xhtml+xml, image/avif, image/webp, image/apng, application/xml;q=0.9, */*;q=0.8, application/signed-exchange;v=b3;q=0.7]
2026-01-01 10:02:02 DEBUG org.springframework.web.servlet.view.InternalResourceView - View [InternalResourceView], model {}
2026-01-01 10:02:02 DEBUG org.springframework.web.servlet.view.InternalResourceView - Forwarding to [index.html]
2026-01-01 10:02:02 DEBUG org.springframework.security.web.FilterChainProxy - Securing GET /index.html
2026-01-01 10:02:02 INFO  org.example.incidentmanagement.security.JwtAuthenticationFilter - >>> shouldNotFilter check - Path: /index.html, Method: GET
2026-01-01 10:02:02 INFO  org.example.incidentmanagement.security.JwtAuthenticationFilter - >>> shouldNotFilter Result: true
2026-01-01 10:02:02 DEBUG org.springframework.security.web.FilterChainProxy - Secured GET /index.html
2026-01-01 10:02:02 INFO  org.example.incidentmanagement.security.JwtAuthenticationFilter - >>> shouldNotFilter check - Path: /index.html, Method: GET
2026-01-01 10:02:02 INFO  org.example.incidentmanagement.security.JwtAuthenticationFilter - >>> shouldNotFilter Result: true
2026-01-01 10:02:02 DEBUG org.springframework.web.servlet.DispatcherServlet - "FORWARD" dispatch for GET "/index.html", parameters={}
2026-01-01 10:02:02 DEBUG org.springframework.web.servlet.handler.SimpleUrlHandlerMapping - Mapped to ResourceHttpRequestHandler [classpath [static/], ServletContext [/]]
2026-01-01 10:02:02 DEBUG org.springframework.web.servlet.DispatcherServlet - Exiting from "FORWARD" dispatch, status 200
2026-01-01 10:02:02 DEBUG org.springframework.web.servlet.DispatcherServlet - Completed 200 OK
2026-01-01 10:02:02 DEBUG org.springframework.security.web.FilterChainProxy - Securing GET /index.css
2026-01-01 10:02:02 INFO  org.example.incidentmanagement.security.JwtAuthenticationFilter - >>> shouldNotFilter check - Path: /index.css, Method: GET
2026-01-01 10:02:02 INFO  org.example.incidentmanagement.security.JwtAuthenticationFilter - >>> shouldNotFilter Result: true
2026-01-01 10:02:02 DEBUG org.springframework.security.web.authentication.AnonymousAuthenticationFilter - Set SecurityContextHolder to anonymous SecurityContext
2026-01-01 10:02:02 DEBUG org.springframework.security.web.FilterChainProxy - Secured GET /index.css
2026-01-01 10:02:02 INFO  org.example.incidentmanagement.security.JwtAuthenticationFilter - >>> shouldNotFilter check - Path: /index.css, Method: GET
2026-01-01 10:02:02 INFO  org.example.incidentmanagement.security.JwtAuthenticationFilter - >>> shouldNotFilter Result: true
2026-01-01 10:02:02 DEBUG org.springframework.web.servlet.DispatcherServlet - GET "/index.css", parameters={}
2026-01-01 10:02:02 DEBUG org.springframework.web.servlet.handler.SimpleUrlHandlerMapping - Mapped to ResourceHttpRequestHandler [classpath [static/], ServletContext [/]]
2026-01-01 10:02:02 DEBUG org.springframework.web.servlet.DispatcherServlet - Completed 200 OK
2026-01-01 10:02:03 DEBUG org.springframework.security.web.FilterChainProxy - Securing GET /favicon.svg
2026-01-01 10:02:03 INFO  org.example.incidentmanagement.security.JwtAuthenticationFilter - >>> shouldNotFilter check - Path: /favicon.svg, Method: GET
2026-01-01 10:02:03 INFO  org.example.incidentmanagement.security.JwtAuthenticationFilter - >>> shouldNotFilter Result: true
2026-01-01 10:02:03 DEBUG org.springframework.security.web.authentication.AnonymousAuthenticationFilter - Set SecurityContextHolder to anonymous SecurityContext
2026-01-01 10:02:03 DEBUG org.springframework.security.web.FilterChainProxy - Secured GET /favicon.svg
2026-01-01 10:02:03 INFO  org.example.incidentmanagement.security.JwtAuthenticationFilter - >>> shouldNotFilter check - Path: /favicon.svg, Method: GET
2026-01-01 10:02:03 INFO  org.example.incidentmanagement.security.JwtAuthenticationFilter - >>> shouldNotFilter Result: true
2026-01-01 10:02:03 DEBUG org.springframework.web.servlet.DispatcherServlet - GET "/favicon.svg", parameters={}
2026-01-01 10:02:03 DEBUG org.springframework.web.servlet.handler.SimpleUrlHandlerMapping - Mapped to ResourceHttpRequestHandler [classpath [static/], ServletContext [/]]
2026-01-01 10:02:03 DEBUG org.springframework.web.servlet.DispatcherServlet - Completed 200 OK
2026-01-01 10:02:06 DEBUG org.springframework.security.web.FilterChainProxy - Securing GET /auth/login.html
2026-01-01 10:02:06 INFO  org.example.incidentmanagement.security.JwtAuthenticationFilter - >>> shouldNotFilter check - Path: /auth/login.html, Method: GET
2026-01-01 10:02:06 INFO  org.example.incidentmanagement.security.JwtAuthenticationFilter - >>> shouldNotFilter Result: true
2026-01-01 10:02:06 DEBUG org.springframework.security.web.authentication.AnonymousAuthenticationFilter - Set SecurityContextHolder to anonymous SecurityContext
2026-01-01 10:02:06 DEBUG org.springframework.security.web.FilterChainProxy - Secured GET /auth/login.html
2026-01-01 10:02:06 INFO  org.example.incidentmanagement.security.JwtAuthenticationFilter - >>> shouldNotFilter check - Path: /auth/login.html, Method: GET
2026-01-01 10:02:06 INFO  org.example.incidentmanagement.security.JwtAuthenticationFilter - >>> shouldNotFilter Result: true
2026-01-01 10:02:06 DEBUG org.springframework.web.servlet.DispatcherServlet - GET "/auth/login.html", parameters={}
2026-01-01 10:02:06 DEBUG org.springframework.web.servlet.handler.SimpleUrlHandlerMapping - Mapped to ResourceHttpRequestHandler [classpath [static/], ServletContext [/]]
2026-01-01 10:02:06 DEBUG org.springframework.web.servlet.DispatcherServlet - Completed 200 OK
2026-01-01 10:02:06 DEBUG org.springframework.security.web.FilterChainProxy - Securing GET /auth/login.css
2026-01-01 10:02:06 INFO  org.example.incidentmanagement.security.JwtAuthenticationFilter - >>> shouldNotFilter check - Path: /auth/login.css, Method: GET
2026-01-01 10:02:06 INFO  org.example.incidentmanagement.security.JwtAuthenticationFilter - >>> shouldNotFilter Result: true
2026-01-01 10:02:06 DEBUG org.springframework.security.web.authentication.AnonymousAuthenticationFilter - Set SecurityContextHolder to anonymous SecurityContext
2026-01-01 10:02:06 DEBUG org.springframework.security.web.FilterChainProxy - Secured GET /auth/login.css
2026-01-01 10:02:06 INFO  org.example.incidentmanagement.security.JwtAuthenticationFilter - >>> shouldNotFilter check - Path: /auth/login.css, Method: GET
2026-01-01 10:02:06 INFO  org.example.incidentmanagement.security.JwtAuthenticationFilter - >>> shouldNotFilter Result: true
2026-01-01 10:02:06 DEBUG org.springframework.web.servlet.DispatcherServlet - GET "/auth/login.css", parameters={}
2026-01-01 10:02:06 DEBUG org.springframework.web.servlet.handler.SimpleUrlHandlerMapping - Mapped to ResourceHttpRequestHandler [classpath [static/], ServletContext [/]]
2026-01-01 10:02:06 DEBUG org.springframework.web.servlet.DispatcherServlet - Completed 200 OK
2026-01-01 10:02:06 DEBUG org.springframework.security.web.FilterChainProxy - Securing GET /js/Auth.js
2026-01-01 10:02:06 INFO  org.example.incidentmanagement.security.JwtAuthenticationFilter - >>> shouldNotFilter check - Path: /js/Auth.js, Method: GET
2026-01-01 10:02:06 INFO  org.example.incidentmanagement.security.JwtAuthenticationFilter - >>> shouldNotFilter Result: true
2026-01-01 10:02:06 DEBUG org.springframework.security.web.authentication.AnonymousAuthenticationFilter - Set SecurityContextHolder to anonymous SecurityContext
2026-01-01 10:02:06 DEBUG org.springframework.security.web.FilterChainProxy - Secured GET /js/Auth.js
2026-01-01 10:02:06 INFO  org.example.incidentmanagement.security.JwtAuthenticationFilter - >>> shouldNotFilter check - Path: /js/Auth.js, Method: GET
2026-01-01 10:02:06 INFO  org.example.incidentmanagement.security.JwtAuthenticationFilter - >>> shouldNotFilter Result: true
2026-01-01 10:02:06 DEBUG org.springframework.web.servlet.DispatcherServlet - GET "/js/Auth.js", parameters={}
2026-01-01 10:02:06 DEBUG org.springframework.web.servlet.handler.SimpleUrlHandlerMapping - Mapped to ResourceHttpRequestHandler [classpath [static/], ServletContext [/]]
2026-01-01 10:02:06 DEBUG org.springframework.web.servlet.DispatcherServlet - Completed 200 OK
2026-01-01 10:02:06 DEBUG org.springframework.security.web.FilterChainProxy - Securing GET /auth/login.js
2026-01-01 10:02:06 INFO  org.example.incidentmanagement.security.JwtAuthenticationFilter - >>> shouldNotFilter check - Path: /auth/login.js, Method: GET
2026-01-01 10:02:06 INFO  org.example.incidentmanagement.security.JwtAuthenticationFilter - >>> shouldNotFilter Result: true
2026-01-01 10:02:06 DEBUG org.springframework.security.web.FilterChainProxy - Securing GET /config.js
2026-01-01 10:02:06 INFO  org.example.incidentmanagement.security.JwtAuthenticationFilter - >>> shouldNotFilter check - Path: /config.js, Method: GET
2026-01-01 10:02:06 INFO  org.example.incidentmanagement.security.JwtAuthenticationFilter - >>> shouldNotFilter Result: true
2026-01-01 10:02:06 DEBUG org.springframework.security.web.authentication.AnonymousAuthenticationFilter - Set SecurityContextHolder to anonymous SecurityContext
2026-01-01 10:02:06 DEBUG org.springframework.security.web.FilterChainProxy - Secured GET /config.js
2026-01-01 10:02:06 INFO  org.example.incidentmanagement.security.JwtAuthenticationFilter - >>> shouldNotFilter check - Path: /config.js, Method: GET
2026-01-01 10:02:06 INFO  org.example.incidentmanagement.security.JwtAuthenticationFilter - >>> shouldNotFilter Result: true
2026-01-01 10:02:06 DEBUG org.springframework.web.servlet.DispatcherServlet - GET "/config.js", parameters={}
2026-01-01 10:02:06 DEBUG org.springframework.web.servlet.handler.SimpleUrlHandlerMapping - Mapped to ResourceHttpRequestHandler [classpath [static/], ServletContext [/]]
2026-01-01 10:02:06 DEBUG org.springframework.security.web.authentication.AnonymousAuthenticationFilter - Set SecurityContextHolder to anonymous SecurityContext
2026-01-01 10:02:06 DEBUG org.springframework.web.servlet.DispatcherServlet - Completed 200 OK
2026-01-01 10:02:06 DEBUG org.springframework.security.web.FilterChainProxy - Secured GET /auth/login.js
2026-01-01 10:02:06 INFO  org.example.incidentmanagement.security.JwtAuthenticationFilter - >>> shouldNotFilter check - Path: /auth/login.js, Method: GET
2026-01-01 10:02:06 INFO  org.example.incidentmanagement.security.JwtAuthenticationFilter - >>> shouldNotFilter Result: true
2026-01-01 10:02:06 DEBUG org.springframework.web.servlet.DispatcherServlet - GET "/auth/login.js", parameters={}
2026-01-01 10:02:06 DEBUG org.springframework.web.servlet.handler.SimpleUrlHandlerMapping - Mapped to ResourceHttpRequestHandler [classpath [static/], ServletContext [/]]
2026-01-01 10:02:06 DEBUG org.springframework.web.servlet.DispatcherServlet - Completed 200 OK
2026-01-01 10:02:22 DEBUG org.springframework.security.web.FilterChainProxy - Securing GET /auth/login.css
2026-01-01 10:02:22 INFO  org.example.incidentmanagement.security.JwtAuthenticationFilter - >>> shouldNotFilter check - Path: /auth/login.css, Method: GET
2026-01-01 10:02:22 INFO  org.example.incidentmanagement.security.JwtAuthenticationFilter - >>> shouldNotFilter Result: true
2026-01-01 10:02:22 DEBUG org.springframework.security.web.authentication.AnonymousAuthenticationFilter - Set SecurityContextHolder to anonymous SecurityContext
2026-01-01 10:02:22 DEBUG org.springframework.security.web.FilterChainProxy - Secured GET /auth/login.css
2026-01-01 10:02:22 INFO  org.example.incidentmanagement.security.JwtAuthenticationFilter - >>> shouldNotFilter check - Path: /auth/login.css, Method: GET
2026-01-01 10:02:22 INFO  org.example.incidentmanagement.security.JwtAuthenticationFilter - >>> shouldNotFilter Result: true
2026-01-01 10:02:22 DEBUG org.springframework.web.servlet.DispatcherServlet - GET "/auth/login.css", parameters={}
2026-01-01 10:02:22 DEBUG org.springframework.web.servlet.handler.SimpleUrlHandlerMapping - Mapped to ResourceHttpRequestHandler [classpath [static/], ServletContext [/]]
2026-01-01 10:02:22 DEBUG org.springframework.web.servlet.DispatcherServlet - Completed 200 OK
2026-01-01 10:03:59 INFO  org.springframework.orm.jpa.LocalContainerEntityManagerFactoryBean - Closing JPA EntityManagerFactory for persistence unit 'default'
2026-01-01 10:03:59 INFO  com.zaxxer.hikari.HikariDataSource - HikariPool-1 - Shutdown initiated...
2026-01-01 10:04:03 INFO  com.zaxxer.hikari.HikariDataSource - HikariPool-1 - Shutdown completed.
